<?xml version="1.0" encoding="UTF-8"?>
<testng-results ignored="0" total="1" passed="1" failed="0" skipped="0">
  <reporter-output>
  </reporter-output>
  <suite started-at="2025-10-26T08:56:39 IST" name="Default suite" finished-at="2025-10-26T08:56:46 IST" duration-ms="7283">
    <groups>
    </groups>
    <test started-at="2025-10-26T08:56:39 IST" name="Default test" finished-at="2025-10-26T08:56:46 IST" duration-ms="7283">
      <class name="Tests.Flow_001_Launch_and_Close_Browser_test">
        <test-method signature="launchAndCloseBrowser()[pri:0, instance:Tests.Flow_001_Launch_and_Close_Browser_test@22555ebf]" started-at="2025-10-26T08:56:39 IST" name="launchAndCloseBrowser" finished-at="2025-10-26T08:56:46 IST" duration-ms="7217" status="PASS">
          <reporter-output>
          </reporter-output>
        </test-method> <!-- launchAndCloseBrowser -->
      </class> <!-- Tests.Flow_001_Launch_and_Close_Browser_test -->
    </test> <!-- Default test -->
  </suite> <!-- Default suite -->
</testng-results>
